[debug] [2018-04-27T01:06:20.539Z] ----------------------------------------------------------------------
[debug] [2018-04-27T01:06:20.543Z] Command:       /usr/local/bin/node /usr/local/bin/firebase serve -p 3007
[debug] [2018-04-27T01:06:20.543Z] CLI Version:   3.18.4
[debug] [2018-04-27T01:06:20.543Z] Platform:      darwin
[debug] [2018-04-27T01:06:20.543Z] Node Version:  v8.11.1
[debug] [2018-04-27T01:06:20.544Z] Time:          Thu Apr 26 2018 21:06:20 GMT-0400 (EDT)
[debug] [2018-04-27T01:06:20.544Z] ----------------------------------------------------------------------
[debug] 
[debug] [2018-04-27T01:06:20.578Z] > command requires scopes: ["email","openid","https://www.googleapis.com/auth/cloudplatformprojects.readonly","https://www.googleapis.com/auth/firebase","https://www.googleapis.com/auth/cloud-platform"]
[debug] [2018-04-27T01:06:20.579Z] > authorizing via signed-in user
[debug] [2018-04-27T01:06:20.581Z] > refreshing access token with scopes: ["email","https://www.googleapis.com/auth/cloud-platform","https://www.googleapis.com/auth/cloudplatformprojects.readonly","https://www.googleapis.com/auth/firebase","openid"]
[debug] [2018-04-27T01:06:20.582Z] >>> HTTP REQUEST POST https://www.googleapis.com/oauth2/v3/token  
 { refresh_token: '1/GmnyO8E231KfpFzAQJ1TJC1sgXKQKp5fbqHSUd2oR_erNEiOAP6m3U9kqWyDDRjD',
  client_id: '563584335869-fgrhgmd47bqnekij5i8b5pr03ho849e6.apps.googleusercontent.com',
  client_secret: 'j9iVZfS8kkCEFUPaAeJV0sAi',
  grant_type: 'refresh_token',
  scope: 'email https://www.googleapis.com/auth/cloud-platform https://www.googleapis.com/auth/cloudplatformprojects.readonly https://www.googleapis.com/auth/firebase openid' } 
 Thu Apr 26 2018 21:06:20 GMT-0400 (EDT)
[debug] [2018-04-27T01:06:21.230Z] <<< HTTP RESPONSE 200
[debug] [2018-04-27T01:06:21.277Z] >>> HTTP REQUEST GET https://admin.firebase.com/v1/projects/cs252-ar  
  
 Thu Apr 26 2018 21:06:21 GMT-0400 (EDT)
[debug] [2018-04-27T01:06:21.733Z] <<< HTTP RESPONSE 200
[debug] [2018-04-27T01:06:21.735Z] >>> HTTP REQUEST GET https://admin.firebase.com/v1/database/cs252-ar/tokens  
  
 Thu Apr 26 2018 21:06:21 GMT-0400 (EDT)
[debug] [2018-04-27T01:06:22.088Z] <<< HTTP RESPONSE 200
[debug] [2018-04-27T01:06:22.090Z] >>> HTTP REQUEST GET https://cloudresourcemanager.googleapis.com/v1/projects/cs252-ar  
  
 Thu Apr 26 2018 21:06:22 GMT-0400 (EDT)
[debug] [2018-04-27T01:06:22.380Z] <<< HTTP RESPONSE 200
[info] 
[info] === Serving from '/Users/Eric/Documents/GitHub/CS252_Project'...
[info] 
[debug] [2018-04-27T01:06:22.382Z] >>> HTTP REQUEST GET https://mobilesdk-pa.googleapis.com/v1/projects/1074716148069/clients/_:getWebAppConfig  
  
 Thu Apr 26 2018 21:06:22 GMT-0400 (EDT)
[debug] [2018-04-27T01:06:22.741Z] <<< HTTP RESPONSE 200
[info] i  hosting: Serving hosting files from: ARWorld
[info] ✔  hosting: Local server: http://localhost:3007

